[2019-11-29 15:52:16][40] Processing: App\Notifications\NewQuotation
[2019-11-29 15:52:16][41] Processing: App\Notifications\NewQuotation
[2019-11-29 15:52:16][41] Processed:  App\Notifications\NewQuotation
[2019-11-29 15:52:20][40] Processed:  App\Notifications\NewQuotation
[2019-12-04 16:25:08][1] Processing: App\Listeners\NotifyUserAboutUpdatedQuotation
[2019-12-04 16:25:08][2] Processing: App\Listeners\NotifyUserAboutUpdatedQuotation
[2019-12-04 16:25:08][3] Processing: App\Listeners\NotifyUserAboutUpdatedQuotation
[2019-12-04 16:25:08][5] Processing: App\Listeners\NotifyUserAboutUpdatedQuotation
[2019-12-04 16:25:08][4] Processing: App\Listeners\NotifyUserAboutUpdatedQuotation
[2019-12-04 16:25:08][6] Processing: App\Listeners\NotifyUserAboutUpdatedQuotation
[2019-12-04 16:25:09][7] Processing: App\Listeners\NotifyUserAboutUpdatedQuotation
[2019-12-04 16:25:09][8] Processing: App\Listeners\NotifyUserAboutUpdatedQuotation
[2019-12-04 16:25:09][9] Processing: App\Listeners\NotifyUserAboutUpdatedQuotation
[2019-12-04 16:25:09][10] Processing: App\Listeners\NotifyUserAboutUpdatedQuotation
[2019-12-04 16:25:09][11] Processing: App\Listeners\NotifyUserAboutUpdatedQuotation
[2019-12-04 16:25:09][12] Processing: App\Listeners\NotifyUserAboutUpdatedQuotation
[2019-12-04 16:25:09][13] Processing: App\Listeners\NotifyUserAboutUpdatedQuotation
[2019-12-04 16:25:09][14] Processing: App\Listeners\NotifyUserAboutUpdatedQuotation
[2019-12-04 16:25:09][16] Processing: App\Listeners\NotifyUserAboutUpdatedQuotation
[2019-12-04 16:25:09][15] Processing: App\Listeners\NotifyUserAboutUpdatedQuotation
[2019-12-04 16:25:09][17] Processing: App\Listeners\NotifyUserAboutUpdatedQuotation
[2019-12-04 16:25:09][18] Processing: App\Listeners\NotifyUserAboutUpdatedQuotation
[2019-12-04 16:25:09][19] Processing: App\Listeners\NotifyUserAboutUpdatedQuotation
[2019-12-04 16:25:09][20] Processing: App\Listeners\NotifyUserAboutUpdatedQuotation
[2019-12-04 16:25:09][21] Processing: App\Listeners\NotifyUserAboutUpdatedQuotation
[2019-12-04 16:25:09][22] Processing: App\Listeners\NotifyUserAboutUpdatedQuotation
[2019-12-04 16:25:09][23] Processing: App\Listeners\NotifyUserAboutUpdatedQuotation
[2019-12-04 16:25:09][24] Processing: App\Listeners\NotifyUserAboutUpdatedQuotation
[2019-12-04 16:25:09][25] Processing: App\Listeners\NotifyUserAboutUpdatedQuotation
[2019-12-04 16:25:09][26] Processing: App\Listeners\NotifyUserAboutUpdatedQuotation
[2019-12-04 16:25:09][27] Processing: App\Listeners\NotifyUserAboutUpdatedQuotation
[2019-12-04 16:25:09][28] Processing: App\Listeners\NotifyUserAboutUpdatedQuotation
[2019-12-04 16:25:09][29] Processing: App\Listeners\NotifyUserAboutUpdatedQuotation
[2019-12-04 16:25:09][30] Processing: App\Listeners\NotifyUserAboutUpdatedQuotation
[2019-12-04 16:25:09][31] Processing: App\Listeners\NotifyUserAboutUpdatedQuotation
[2019-12-04 16:25:09][32] Processing: App\Listeners\NotifyUserAboutUpdatedQuotation
[2019-12-04 16:25:09][33] Processing: App\Listeners\NotifyUserAboutUpdatedQuotation
[2019-12-04 16:25:09][34] Processing: App\Listeners\NotifyUserAboutUpdatedQuotation
[2019-12-04 16:25:09][35] Processing: App\Listeners\NotifyUserAboutUpdatedQuotation
[2019-12-04 16:25:09][36] Processing: App\Listeners\NotifyUserAboutUpdatedQuotation
[2019-12-04 16:25:09][37] Processing: App\Listeners\NotifyUserAboutUpdatedQuotation
[2019-12-04 16:25:09][38] Processing: App\Listeners\NotifyUserAboutUpdatedQuotation
[2019-12-04 16:25:09][37] Failed:     App\Listeners\NotifyUserAboutUpdatedQuotation
[2019-12-04 16:25:09][39] Processing: App\Listeners\NotifyUserAboutUpdatedQuotation
[2019-12-04 16:25:09][40] Processing: App\Listeners\NotifyUserAboutUpdatedQuotation
[2019-12-04 16:25:09][38] Failed:     App\Listeners\NotifyUserAboutUpdatedQuotation
[2019-12-04 16:25:09][39] Failed:     App\Listeners\NotifyUserAboutUpdatedQuotation
[2019-12-04 16:25:09][40] Failed:     App\Listeners\NotifyUserAboutUpdatedQuotation
[2019-12-04 16:25:09][41] Processing: App\Listeners\NotifyUserAboutUpdatedQuotation
[2019-12-04 16:25:09][42] Processing: App\Listeners\NotifyUserAboutUpdatedQuotation
[2019-12-04 16:25:09][41] Failed:     App\Listeners\NotifyUserAboutUpdatedQuotation
[2019-12-04 16:25:09][43] Processing: App\Listeners\NotifyUserAboutUpdatedQuotation
[2019-12-04 16:25:09][44] Processing: App\Listeners\NotifyUserAboutUpdatedQuotation
[2019-12-04 16:25:09][42] Failed:     App\Listeners\NotifyUserAboutUpdatedQuotation
[2019-12-04 16:25:09][45] Processing: App\Listeners\NotifyUserAboutUpdatedQuotation
[2019-12-04 16:25:09][43] Failed:     App\Listeners\NotifyUserAboutUpdatedQuotation
[2019-12-04 16:25:09][44] Failed:     App\Listeners\NotifyUserAboutUpdatedQuotation
[2019-12-04 16:25:09][46] Processing: App\Listeners\NotifyUserAboutUpdatedQuotation
[2019-12-04 16:25:09][45] Failed:     App\Listeners\NotifyUserAboutUpdatedQuotation
[2019-12-04 16:25:09][47] Processing: App\Listeners\NotifyUserAboutUpdatedQuotation
[2019-12-04 16:25:09][46] Failed:     App\Listeners\NotifyUserAboutUpdatedQuotation
[2019-12-04 16:25:09][48] Processing: App\Listeners\NotifyUserAboutUpdatedQuotation
[2019-12-04 16:25:09][49] Processing: App\Listeners\NotifyUserAboutUpdatedQuotation
[2019-12-04 16:25:09][47] Failed:     App\Listeners\NotifyUserAboutUpdatedQuotation
[2019-12-04 16:25:09][48] Failed:     App\Listeners\NotifyUserAboutUpdatedQuotation
[2019-12-04 16:25:10][49] Failed:     App\Listeners\NotifyUserAboutUpdatedQuotation
[2019-12-04 16:25:10][50] Processing: App\Listeners\NotifyUserAboutUpdatedQuotation
[2019-12-04 16:25:10][51] Processing: App\Listeners\NotifyUserAboutUpdatedQuotation
[2019-12-04 16:25:10][52] Processing: App\Listeners\NotifyUserAboutUpdatedQuotation
[2019-12-04 16:25:10][53] Processing: App\Listeners\NotifyUserAboutUpdatedQuotation
[2019-12-04 16:25:10][51] Failed:     App\Listeners\NotifyUserAboutUpdatedQuotation
[2019-12-04 16:25:10][50] Failed:     App\Listeners\NotifyUserAboutUpdatedQuotation
[2019-12-04 16:25:10][52] Failed:     App\Listeners\NotifyUserAboutUpdatedQuotation
[2019-12-04 16:25:10][53] Failed:     App\Listeners\NotifyUserAboutUpdatedQuotation
[2019-12-04 16:25:10][54] Processing: App\Listeners\NotifyUserAboutUpdatedQuotation
[2019-12-04 16:25:10][54] Failed:     App\Listeners\NotifyUserAboutUpdatedQuotation
[2019-12-10 10:09:01][1] Processing: App\Notifications\NewQuotation
[2019-12-10 10:09:01][2] Processing: App\Notifications\NewQuotation
[2019-12-10 10:09:01][3] Processing: App\Listeners\NotifyUserAboutUpdatedQuotation
[2019-12-10 10:09:02][2] Processed:  App\Notifications\NewQuotation
[2019-12-10 10:09:02][4] Processing: App\Listeners\NotifyUserAboutUpdatedQuotation
[2019-12-10 10:09:02][5] Processing: App\Listeners\NotifyUserAboutUpdatedQuotation
[2019-12-10 10:09:02][5] Failed:     App\Listeners\NotifyUserAboutUpdatedQuotation
[2019-12-10 10:09:11][1] Processed:  App\Notifications\NewQuotation
[2019-12-11 19:15:36][2] Processing: App\Notifications\RegisteredUser
[2019-12-11 19:15:43][2] Processed:  App\Notifications\RegisteredUser
[2019-12-11 19:22:15][3] Processing: App\Notifications\NewQuotation
[2019-12-11 19:22:15][4] Processing: App\Notifications\NewQuotation
[2019-12-11 19:22:15][5] Processing: App\Notifications\NewQuotation
[2019-12-11 19:22:15][6] Processing: App\Notifications\NewQuotation
[2019-12-11 19:22:16][4] Processed:  App\Notifications\NewQuotation
[2019-12-11 19:22:16][6] Processed:  App\Notifications\NewQuotation
[2019-12-11 19:22:19][5] Processed:  App\Notifications\NewQuotation
[2019-12-11 19:22:19][3] Processed:  App\Notifications\NewQuotation
[2019-12-11 19:26:40][7] Processing: App\Notifications\NewQuotation
[2019-12-11 19:26:40][8] Processing: App\Notifications\NewQuotation
[2019-12-11 19:26:40][9] Processing: App\Notifications\NewQuotation
[2019-12-11 19:26:40][8] Processed:  App\Notifications\NewQuotation
[2019-12-11 19:26:40][10] Processing: App\Notifications\NewQuotation
[2019-12-11 19:26:40][10] Processed:  App\Notifications\NewQuotation
[2019-12-11 19:26:43][9] Processed:  App\Notifications\NewQuotation
[2019-12-11 19:26:44][7] Processed:  App\Notifications\NewQuotation
[2019-12-11 23:10:20][1] Processing: App\Listeners\NotifyUserAboutUpdatedQuotation
[2019-12-11 23:10:20][1] Processed:  App\Listeners\NotifyUserAboutUpdatedQuotation
[2019-12-11 23:10:21][2] Processing: App\Notifications\QuoteResponse
[2019-12-11 23:10:21][3] Processing: App\Notifications\QuoteResponse
[2019-12-11 23:10:21][4] Processing: App\Notifications\QuoteResponse
[2019-12-11 23:10:21][4] Failed:     App\Notifications\QuoteResponse
[2019-12-11 23:10:29][5] Processing: App\Notifications\QuoteResponse
[2019-12-11 23:10:30][6] Processing: App\Notifications\QuoteResponse
[2019-12-11 23:10:30][7] Processing: App\Notifications\QuoteResponse
[2019-12-11 23:10:30][7] Failed:     App\Notifications\QuoteResponse
[2019-12-11 23:21:36][8] Processing: App\Notifications\QuoteResponse
[2019-12-11 23:21:36][9] Processing: App\Notifications\QuoteResponse
[2019-12-11 23:21:36][10] Processing: App\Notifications\QuoteResponse
[2019-12-11 23:21:36][10] Failed:     App\Notifications\QuoteResponse
[2019-12-11 23:23:33][11] Processing: App\Notifications\QuoteResponse
[2019-12-11 23:23:41][11] Processed:  App\Notifications\QuoteResponse
[2019-12-11 23:25:32][12] Processing: App\Notifications\QuoteResponse
[2019-12-11 23:25:35][12] Processed:  App\Notifications\QuoteResponse
[2019-12-11 23:27:20][13] Processing: App\Notifications\QuoteResponse
[2019-12-11 23:27:20][14] Processing: App\Notifications\QuoteResponse
[2019-12-11 23:27:20][15] Processing: App\Notifications\QuoteResponse
[2019-12-11 23:27:20][15] Failed:     App\Notifications\QuoteResponse
[2019-12-11 23:27:55][16] Processing: App\Notifications\QuoteResponse
[2019-12-11 23:27:55][17] Processing: App\Notifications\QuoteResponse
[2019-12-11 23:27:55][18] Processing: App\Notifications\QuoteResponse
[2019-12-11 23:27:55][18] Failed:     App\Notifications\QuoteResponse
[2019-12-11 23:28:50][19] Processing: App\Notifications\QuoteResponse
[2019-12-11 23:28:52][19] Processed:  App\Notifications\QuoteResponse
